2024-07-15 15:24:39,081 INFO Creating DocuMint assistants
2024-07-15 15:24:39,301 INFO Creating DocuMint assistants
2024-07-15 15:24:46,760 INFO Creating DocuMint assistants
2024-07-15 15:29:47,089 INFO Creating DocuMint assistants
2024-07-15 15:29:48,588 INFO Creating DocuMint assistants
2024-07-15 15:30:14,853 INFO Creating DocuMint assistants
2024-07-15 15:30:17,445 INFO Creating DocuMint assistants
2024-07-15 15:30:18,092 INFO Creating DocuMint assistants
2024-07-15 15:33:34,454 INFO Creating DocuMint assistants
2024-07-15 15:33:35,098 INFO Creating DocuMint assistants
2024-07-15 15:33:35,793 INFO Creating DocuMint assistants
2024-07-15 15:37:37,846 INFO Starting to create DocuMint assistants
2024-07-15 15:37:37,846 INFO QuestionnaireAssistant created successfully
2024-07-15 15:37:37,846 INFO DocumentGenerator created successfully
2024-07-15 15:37:37,847 INFO ReviewAssistant created successfully
2024-07-15 15:37:37,847 INFO DocuMintOrchestrator created successfully
2024-07-15 15:37:38,892 INFO Starting to create DocuMint assistants
2024-07-15 15:37:38,893 INFO QuestionnaireAssistant created successfully
2024-07-15 15:37:38,893 INFO DocumentGenerator created successfully
2024-07-15 15:37:38,893 INFO ReviewAssistant created successfully
2024-07-15 15:37:38,893 INFO DocuMintOrchestrator created successfully
2024-07-15 15:54:04,308 INFO Creating DocuMint assistants
2024-07-15 15:54:04,309 INFO DocuMint assistants created successfully
2024-07-15 15:54:06,658 INFO Creating DocuMint assistants
2024-07-15 15:54:06,658 INFO DocuMint assistants created successfully
2024-07-15 15:54:07,876 INFO Creating DocuMint assistants
2024-07-15 15:54:07,876 INFO DocuMint assistants created successfully
2024-07-15 15:54:10,864 INFO Creating DocuMint assistants
2024-07-15 15:54:10,864 INFO DocuMint assistants created successfully
2024-07-15 15:54:12,649 INFO Creating DocuMint assistants
2024-07-15 15:54:12,649 INFO DocuMint assistants created successfully
2024-07-15 15:56:10,858 INFO Creating DocuMint assistants
2024-07-15 15:56:10,858 INFO DocuMint assistants created successfully
2024-07-15 15:56:11,176 INFO Creating DocuMint assistants
2024-07-15 15:56:11,176 INFO DocuMint assistants created successfully
2024-07-15 15:56:13,682 INFO Creating DocuMint assistants
2024-07-15 15:56:13,683 INFO DocuMint assistants created successfully
2024-07-15 15:56:17,398 INFO Creating DocuMint assistants
2024-07-15 15:56:17,398 INFO DocuMint assistants created successfully
2024-07-15 15:56:18,132 INFO Creating DocuMint assistants
2024-07-15 15:56:18,132 INFO DocuMint assistants created successfully
2024-07-15 15:59:00,812 INFO Creating DocuMint assistants
2024-07-15 15:59:00,813 INFO DocuMint assistants created successfully
2024-07-15 15:59:06,871 INFO Creating DocuMint assistants
2024-07-15 15:59:06,872 INFO DocuMint assistants created successfully
2024-07-15 15:59:59,294 INFO Creating DocuMint assistants
2024-07-15 15:59:59,295 INFO DocuMint assistants created successfully
2024-07-15 16:00:00,189 INFO Creating DocuMint assistants
2024-07-15 16:00:00,190 INFO DocuMint assistants created successfully
2024-07-15 16:00:00,586 INFO Creating DocuMint assistants
2024-07-15 16:00:00,587 INFO DocuMint assistants created successfully
2024-07-15 16:00:00,752 INFO Creating DocuMint assistants
2024-07-15 16:00:00,753 INFO DocuMint assistants created successfully
2024-07-15 16:00:01,111 INFO Creating DocuMint assistants
2024-07-15 16:00:01,112 INFO DocuMint assistants created successfully
2024-07-15 16:01:27,445 INFO Creating DocuMint assistants
2024-07-15 16:01:27,446 INFO DocuMint assistants created successfully
2024-07-15 16:01:27,639 INFO Creating DocuMint assistants
2024-07-15 16:01:27,639 INFO DocuMint assistants created successfully
2024-07-15 16:01:28,595 INFO Creating DocuMint assistants
2024-07-15 16:01:28,596 INFO DocuMint assistants created successfully
2024-07-15 21:34:23,873 INFO Creating DocuMint assistants
2024-07-15 21:34:23,874 INFO DocuMint assistants created successfully
2024-07-15 22:44:58,161 INFO Creating DocuMint assistants
2024-07-15 22:44:58,163 INFO DocuMint assistants created successfully
2024-07-15 22:45:52,513 INFO Creating DocuMint assistants
2024-07-15 22:45:52,514 INFO DocuMint assistants created successfully
2024-07-15 22:46:19,243 INFO Creating DocuMint assistants
2024-07-15 22:46:19,243 INFO DocuMint assistants created successfully
2024-07-15 22:46:30,908 INFO Creating DocuMint assistants
2024-07-15 22:46:30,910 INFO DocuMint assistants created successfully
2024-07-15 22:46:33,216 INFO Creating DocuMint assistants
2024-07-15 22:46:33,218 INFO DocuMint assistants created successfully
2024-07-15 22:47:28,343 INFO Creating DocuMint assistants
2024-07-15 22:47:28,344 INFO DocuMint assistants created successfully
2024-07-15 22:47:28,459 INFO Creating DocuMint assistants
2024-07-15 22:47:28,459 INFO DocuMint assistants created successfully
2024-07-15 22:51:38,614 INFO Creating DocuMint assistants
2024-07-15 22:51:38,615 INFO DocuMint assistants created successfully
2024-07-15 22:51:38,732 INFO Creating DocuMint assistants
2024-07-15 22:51:38,732 INFO DocuMint assistants created successfully
2024-07-15 22:51:41,147 INFO Creating DocuMint assistants
2024-07-15 22:51:41,147 INFO DocuMint assistants created successfully
2024-07-15 22:53:07,395 INFO Creating DocuMint assistants
2024-07-15 22:53:07,396 INFO DocuMint assistants created successfully
2024-07-15 22:53:34,111 INFO Creating DocuMint assistants
2024-07-15 22:53:34,111 INFO DocuMint assistants created successfully
2024-07-15 22:53:36,906 INFO Creating DocuMint assistants
2024-07-15 22:53:36,906 INFO DocuMint assistants created successfully
2024-07-15 22:56:35,028 INFO Creating DocuMint assistants
2024-07-15 22:56:35,031 INFO DocuMint assistants created successfully
2024-07-15 22:56:44,497 INFO Creating DocuMint assistants
2024-07-15 22:56:44,498 INFO DocuMint assistants created successfully
2024-07-15 22:56:50,696 INFO Creating DocuMint assistants
2024-07-15 22:56:50,697 INFO DocuMint assistants created successfully
2024-07-15 22:56:58,835 INFO Creating DocuMint assistants
2024-07-15 22:56:58,836 INFO DocuMint assistants created successfully
2024-07-15 22:57:06,359 INFO Creating DocuMint assistants
2024-07-15 22:57:06,360 INFO DocuMint assistants created successfully
2024-07-15 22:57:16,386 INFO Creating DocuMint assistants
2024-07-15 22:57:16,388 INFO DocuMint assistants created successfully
2024-07-15 22:57:23,329 INFO Creating DocuMint assistants
2024-07-15 22:57:23,331 INFO DocuMint assistants created successfully
2024-07-15 22:57:30,621 INFO Creating DocuMint assistants
2024-07-15 22:57:30,622 INFO DocuMint assistants created successfully
2024-07-15 22:57:37,688 INFO Creating DocuMint assistants
2024-07-15 22:57:37,688 INFO DocuMint assistants created successfully
2024-07-15 22:57:42,818 INFO Creating DocuMint assistants
2024-07-15 22:57:42,819 INFO DocuMint assistants created successfully
2024-07-15 22:57:54,554 INFO Creating DocuMint assistants
2024-07-15 22:57:54,558 INFO DocuMint assistants created successfully
2024-07-15 22:58:02,623 INFO Creating DocuMint assistants
2024-07-15 22:58:02,624 INFO DocuMint assistants created successfully
2024-07-15 22:58:16,063 INFO Creating DocuMint assistants
2024-07-15 22:58:16,065 INFO DocuMint assistants created successfully
2024-07-15 22:58:21,310 INFO Creating DocuMint assistants
2024-07-15 22:58:21,312 INFO DocuMint assistants created successfully
2024-07-15 22:58:24,171 INFO Creating DocuMint assistants
2024-07-15 22:58:24,172 INFO DocuMint assistants created successfully
2024-07-15 22:58:31,603 INFO Creating DocuMint assistants
2024-07-15 22:58:31,604 INFO DocuMint assistants created successfully
2024-07-15 22:58:37,826 INFO Creating DocuMint assistants
2024-07-15 22:58:37,827 INFO DocuMint assistants created successfully
2024-07-15 22:58:41,465 INFO Creating DocuMint assistants
2024-07-15 22:58:41,467 INFO DocuMint assistants created successfully
2024-07-15 22:58:54,715 INFO Creating DocuMint assistants
2024-07-15 22:58:54,717 INFO DocuMint assistants created successfully
2024-07-15 22:58:59,952 INFO Creating DocuMint assistants
2024-07-15 22:58:59,953 INFO DocuMint assistants created successfully
2024-07-15 22:59:06,689 INFO Creating DocuMint assistants
2024-07-15 22:59:06,690 INFO DocuMint assistants created successfully
2024-07-15 22:59:13,362 INFO Creating DocuMint assistants
2024-07-15 22:59:13,363 INFO DocuMint assistants created successfully
2024-07-15 22:59:16,819 INFO Creating DocuMint assistants
2024-07-15 22:59:16,820 INFO DocuMint assistants created successfully
2024-07-15 22:59:19,615 INFO Creating DocuMint assistants
2024-07-15 22:59:19,616 INFO DocuMint assistants created successfully
2024-07-15 22:59:26,142 INFO Creating DocuMint assistants
2024-07-15 22:59:26,143 INFO DocuMint assistants created successfully
2024-07-15 22:59:31,145 INFO Creating DocuMint assistants
2024-07-15 22:59:31,147 INFO DocuMint assistants created successfully
2024-07-15 22:59:38,944 INFO Creating DocuMint assistants
2024-07-15 22:59:38,946 INFO DocuMint assistants created successfully
2024-07-15 22:59:39,032 INFO Creating DocuMint assistants
2024-07-15 22:59:39,032 INFO DocuMint assistants created successfully
2024-07-15 22:59:49,572 INFO Creating DocuMint assistants
2024-07-15 22:59:49,574 INFO DocuMint assistants created successfully
2024-07-15 22:59:58,261 INFO Creating DocuMint assistants
2024-07-15 22:59:58,262 INFO DocuMint assistants created successfully
2024-07-15 23:00:06,045 INFO Creating DocuMint assistants
2024-07-15 23:00:06,046 INFO DocuMint assistants created successfully
2024-07-15 23:00:11,860 INFO Creating DocuMint assistants
2024-07-15 23:00:11,861 INFO DocuMint assistants created successfully
2024-07-15 23:00:48,037 INFO Creating DocuMint assistants
2024-07-15 23:00:48,039 INFO DocuMint assistants created successfully
2024-07-15 23:00:53,449 INFO Creating DocuMint assistants
2024-07-15 23:00:53,451 INFO DocuMint assistants created successfully
2024-07-15 23:06:04,166 INFO Creating DocuMint assistants
2024-07-15 23:06:04,168 INFO Creating DocuMint assistants
2024-07-15 23:06:04,172 INFO Creating DocuMint assistants
2024-07-15 23:06:04,173 INFO DocuMint assistants created successfully
2024-07-15 23:06:04,176 INFO DocuMint assistants created successfully
2024-07-15 23:06:04,176 INFO DocuMint assistants created successfully
2024-07-15 23:06:04,224 INFO Creating DocuMint assistants
2024-07-15 23:06:04,228 INFO Creating DocuMint assistants
2024-07-15 23:06:04,228 INFO DocuMint assistants created successfully
2024-07-15 23:06:04,231 INFO DocuMint assistants created successfully
2024-07-15 23:06:04,248 INFO Creating DocuMint assistants
2024-07-15 23:06:04,267 INFO DocuMint assistants created successfully
2024-07-15 23:06:04,472 INFO Creating DocuMint assistants
2024-07-15 23:06:04,473 INFO DocuMint assistants created successfully
2024-07-15 23:06:04,492 INFO Creating DocuMint assistants
2024-07-15 23:06:04,493 INFO DocuMint assistants created successfully
2024-07-15 23:06:10,002 INFO Creating DocuMint assistants
2024-07-15 23:06:10,003 INFO DocuMint assistants created successfully
2024-07-15 23:06:10,014 INFO Creating DocuMint assistants
2024-07-15 23:06:10,014 INFO DocuMint assistants created successfully
2024-07-15 23:08:00,529 INFO Creating DocuMint assistants
2024-07-15 23:08:00,529 INFO DocuMint assistants created successfully
2024-07-15 23:08:00,643 INFO Creating DocuMint assistants
2024-07-15 23:08:00,643 INFO DocuMint assistants created successfully
2024-07-15 23:08:02,175 INFO Creating DocuMint assistants
2024-07-15 23:08:02,176 INFO DocuMint assistants created successfully
2024-07-15 23:08:04,033 INFO Creating DocuMint assistants
2024-07-15 23:08:04,034 INFO DocuMint assistants created successfully
2024-07-15 23:08:08,688 INFO Creating DocuMint assistants
2024-07-15 23:08:08,690 INFO DocuMint assistants created successfully
2024-07-15 23:08:10,412 INFO Creating DocuMint assistants
2024-07-15 23:08:10,413 INFO DocuMint assistants created successfully
2024-07-15 23:08:12,659 INFO Creating DocuMint assistants
2024-07-15 23:08:12,660 INFO DocuMint assistants created successfully
2024-07-15 23:08:30,338 INFO Creating DocuMint assistants
2024-07-15 23:08:30,340 INFO DocuMint assistants created successfully
2024-07-15 23:08:32,158 INFO Creating DocuMint assistants
2024-07-15 23:08:32,159 INFO DocuMint assistants created successfully
2024-07-15 23:08:35,753 INFO Creating DocuMint assistants
2024-07-15 23:08:35,754 INFO DocuMint assistants created successfully
2024-07-15 23:08:35,768 INFO Starting document generation for Statement of Work (SOW)
2024-07-15 23:08:35,769 INFO Sending prompt to orchestrator
2024-07-15 23:08:35,769 INFO Received response from orchestrator
2024-07-15 23:08:35,769 ERROR Error in generate_document: object of type 'generator' has no len()
2024-07-15 23:09:24,716 INFO Creating DocuMint assistants
2024-07-15 23:09:24,716 INFO Creating DocuMint assistants
2024-07-15 23:09:24,717 INFO DocuMint assistants created successfully
2024-07-15 23:09:24,717 INFO DocuMint assistants created successfully
2024-07-15 23:09:24,915 INFO Creating DocuMint assistants
2024-07-15 23:09:24,916 INFO DocuMint assistants created successfully
2024-07-15 23:09:29,572 INFO Creating DocuMint assistants
2024-07-15 23:09:29,573 INFO DocuMint assistants created successfully
2024-07-15 23:09:31,446 INFO Creating DocuMint assistants
2024-07-15 23:09:31,448 INFO DocuMint assistants created successfully
2024-07-15 23:09:37,098 INFO Creating DocuMint assistants
2024-07-15 23:09:37,101 INFO DocuMint assistants created successfully
2024-07-15 23:09:37,112 INFO Starting document generation for Statement of Work (SOW)
2024-07-15 23:09:37,112 INFO Sending prompt to orchestrator
2024-07-15 23:09:37,113 INFO Received response from orchestrator
2024-07-15 23:09:37,113 ERROR Error in generate_document: object of type 'generator' has no len()
2024-07-15 23:17:02,947 INFO Creating DocuMint assistants
2024-07-15 23:17:02,947 INFO Creating DocuMint assistants
2024-07-15 23:17:02,947 INFO Creating DocuMint assistants
2024-07-15 23:17:02,947 INFO DocuMint assistants created successfully
2024-07-15 23:17:02,947 INFO DocuMint assistants created successfully
2024-07-15 23:17:02,948 INFO DocuMint assistants created successfully
2024-07-15 23:17:03,152 INFO Creating DocuMint assistants
2024-07-15 23:17:03,152 INFO DocuMint assistants created successfully
2024-07-15 23:17:04,823 INFO Creating DocuMint assistants
2024-07-15 23:17:04,824 INFO DocuMint assistants created successfully
2024-07-15 23:17:06,335 INFO Creating DocuMint assistants
2024-07-15 23:17:06,336 INFO DocuMint assistants created successfully
2024-07-15 23:17:09,863 INFO Creating DocuMint assistants
2024-07-15 23:17:09,863 INFO DocuMint assistants created successfully
2024-07-15 23:17:09,872 INFO Starting document generation for Statement of Work (SOW)
2024-07-15 23:17:09,873 INFO Sending prompt to orchestrator
2024-07-15 23:17:09,873 INFO Received response from orchestrator
2024-07-15 23:17:31,755 INFO Generated content (first 100 chars): Here is the generated Statement of Work (SOW) based on the provided information:

# Statement of Wor...
2024-07-15 23:20:42,789 INFO Creating DocuMint assistants
2024-07-15 23:20:42,790 INFO Creating DocuMint assistants
2024-07-15 23:20:42,790 INFO Creating DocuMint assistants
2024-07-15 23:20:42,790 INFO Creating DocuMint assistants
2024-07-15 23:20:42,791 INFO DocuMint assistants created successfully
2024-07-15 23:20:42,791 INFO DocuMint assistants created successfully
2024-07-15 23:20:42,791 INFO DocuMint assistants created successfully
2024-07-15 23:20:42,792 INFO DocuMint assistants created successfully
2024-07-15 23:20:43,034 INFO Creating DocuMint assistants
2024-07-15 23:20:43,034 INFO DocuMint assistants created successfully
2024-07-15 23:20:48,874 INFO Creating DocuMint assistants
2024-07-15 23:20:48,875 INFO DocuMint assistants created successfully
2024-07-15 23:20:50,131 INFO Creating DocuMint assistants
2024-07-15 23:20:50,132 INFO DocuMint assistants created successfully
2024-07-15 23:20:54,676 INFO Creating DocuMint assistants
2024-07-15 23:20:54,678 INFO DocuMint assistants created successfully
2024-07-15 23:20:54,689 INFO Starting document generation for Statement of Work (SOW)
2024-07-15 23:20:54,690 INFO Sending prompt to orchestrator
2024-07-15 23:20:54,690 INFO Received response from orchestrator
2024-07-15 23:21:15,970 INFO Generated content (first 100 chars): Here's the generated Statement of Work (SOW) based on the provided information and guidelines:

# St...
2024-07-15 23:24:26,811 INFO Creating DocuMint assistants
2024-07-15 23:24:26,812 INFO DocuMint assistants created successfully
2024-07-15 23:24:26,965 INFO Creating DocuMint assistants
2024-07-15 23:24:26,965 INFO DocuMint assistants created successfully
2024-07-15 23:24:39,436 INFO Creating DocuMint assistants
2024-07-15 23:24:39,437 INFO DocuMint assistants created successfully
2024-07-15 23:25:51,202 INFO Creating DocuMint assistants
2024-07-15 23:25:51,202 INFO DocuMint assistants created successfully
2024-07-15 23:25:52,906 INFO Creating DocuMint assistants
2024-07-15 23:25:52,907 INFO DocuMint assistants created successfully
2024-07-15 23:25:54,056 INFO Creating DocuMint assistants
2024-07-15 23:25:54,057 INFO DocuMint assistants created successfully
2024-07-15 23:25:57,177 INFO Creating DocuMint assistants
2024-07-15 23:25:57,178 INFO DocuMint assistants created successfully
2024-07-15 23:25:57,193 INFO Starting document generation for Statement of Work (SOW)
2024-07-15 23:25:57,193 INFO Sending prompt to orchestrator
2024-07-15 23:25:57,194 INFO Received response from orchestrator
2024-07-15 23:26:19,327 INFO Generated content (first 100 chars): Here is the generated Statement of Work (SOW) based on the provided information:

# Statement of Wor...
2024-07-15 23:26:29,840 INFO Creating DocuMint assistants
2024-07-15 23:26:29,841 INFO DocuMint assistants created successfully
2024-07-16 09:56:24,834 INFO Creating DocuMint assistants
2024-07-16 09:56:24,836 INFO DocuMint assistants created successfully
2024-07-16 09:56:32,872 INFO Creating DocuMint assistants
2024-07-16 09:56:32,873 INFO DocuMint assistants created successfully
2024-07-16 09:56:34,336 INFO Creating DocuMint assistants
2024-07-16 09:56:34,338 INFO DocuMint assistants created successfully
2024-07-16 09:58:09,218 INFO Creating DocuMint assistants
2024-07-16 09:58:09,219 INFO DocuMint assistants created successfully
2024-07-16 09:58:09,384 INFO Creating DocuMint assistants
2024-07-16 09:58:09,384 INFO DocuMint assistants created successfully
2024-07-16 09:58:10,937 INFO Creating DocuMint assistants
2024-07-16 09:58:10,938 INFO DocuMint assistants created successfully
2024-07-16 09:58:12,435 INFO Creating DocuMint assistants
2024-07-16 09:58:12,436 INFO DocuMint assistants created successfully
2024-07-16 09:58:32,071 INFO Creating DocuMint assistants
2024-07-16 09:58:32,072 INFO DocuMint assistants created successfully
2024-07-16 09:58:32,084 INFO Starting document generation for Statement of Work (SOW)
2024-07-16 09:58:32,085 INFO Sending prompt to orchestrator
2024-07-16 09:58:32,085 INFO Received response from orchestrator
2024-07-16 09:58:55,780 INFO Generated content (first 100 chars): Here is the generated Statement of Work (SOW) based on the provided information and guidelines:

# S...
2024-07-16 09:59:59,995 INFO Creating DocuMint assistants
2024-07-16 09:59:59,997 INFO DocuMint assistants created successfully
2024-07-16 10:02:17,253 INFO Creating DocuMint assistants
2024-07-16 10:02:17,258 INFO DocuMint assistants created successfully
2024-07-16 10:02:45,173 INFO Creating DocuMint assistants
2024-07-16 10:02:45,174 INFO DocuMint assistants created successfully
2024-07-16 10:02:45,664 INFO Creating DocuMint assistants
2024-07-16 10:02:45,664 INFO DocuMint assistants created successfully
2024-07-16 10:02:45,721 INFO Creating DocuMint assistants
2024-07-16 10:02:45,721 INFO DocuMint assistants created successfully
2024-07-16 10:02:49,577 INFO Creating DocuMint assistants
2024-07-16 10:02:49,585 INFO DocuMint assistants created successfully
2024-07-16 10:02:50,891 INFO Creating DocuMint assistants
2024-07-16 10:02:50,892 INFO DocuMint assistants created successfully
2024-07-16 10:05:49,596 INFO Creating DocuMint assistants
2024-07-16 10:05:49,596 INFO Creating DocuMint assistants
2024-07-16 10:05:49,596 INFO DocuMint assistants created successfully
2024-07-16 10:05:49,596 INFO DocuMint assistants created successfully
2024-07-16 10:06:29,464 INFO Creating DocuMint assistants
2024-07-16 10:06:29,464 INFO Creating DocuMint assistants
2024-07-16 10:06:29,464 INFO Creating DocuMint assistants
2024-07-16 10:06:29,466 INFO DocuMint assistants created successfully
2024-07-16 10:06:29,466 INFO DocuMint assistants created successfully
2024-07-16 10:06:29,466 INFO DocuMint assistants created successfully
2024-07-16 10:06:37,180 INFO Creating DocuMint assistants
2024-07-16 10:06:37,180 INFO Creating DocuMint assistants
2024-07-16 10:06:37,180 INFO Creating DocuMint assistants
2024-07-16 10:06:37,180 INFO Creating DocuMint assistants
2024-07-16 10:06:37,180 INFO DocuMint assistants created successfully
2024-07-16 10:06:37,180 INFO DocuMint assistants created successfully
2024-07-16 10:06:37,180 INFO DocuMint assistants created successfully
2024-07-16 10:06:37,180 INFO DocuMint assistants created successfully
2024-07-16 10:07:10,455 INFO Creating DocuMint assistants
2024-07-16 10:07:10,455 INFO Creating DocuMint assistants
2024-07-16 10:07:10,455 INFO Creating DocuMint assistants
2024-07-16 10:07:10,455 INFO Creating DocuMint assistants
2024-07-16 10:07:10,457 INFO DocuMint assistants created successfully
2024-07-16 10:07:10,457 INFO DocuMint assistants created successfully
2024-07-16 10:07:10,457 INFO DocuMint assistants created successfully
2024-07-16 10:07:10,457 INFO DocuMint assistants created successfully
2024-07-16 10:08:46,265 INFO Creating DocuMint assistants
2024-07-16 10:08:46,265 INFO Creating DocuMint assistants
2024-07-16 10:08:46,265 INFO Creating DocuMint assistants
2024-07-16 10:08:46,265 INFO Creating DocuMint assistants
2024-07-16 10:08:46,274 INFO DocuMint assistants created successfully
2024-07-16 10:08:46,274 INFO DocuMint assistants created successfully
2024-07-16 10:08:46,274 INFO DocuMint assistants created successfully
2024-07-16 10:08:46,274 INFO DocuMint assistants created successfully
2024-07-16 10:08:47,692 INFO Creating DocuMint assistants
2024-07-16 10:08:47,692 INFO Creating DocuMint assistants
2024-07-16 10:08:47,692 INFO Creating DocuMint assistants
2024-07-16 10:08:47,692 INFO Creating DocuMint assistants
2024-07-16 10:08:47,693 INFO DocuMint assistants created successfully
2024-07-16 10:08:47,693 INFO DocuMint assistants created successfully
2024-07-16 10:08:47,693 INFO DocuMint assistants created successfully
2024-07-16 10:08:47,693 INFO DocuMint assistants created successfully
2024-07-16 10:08:49,804 INFO Creating DocuMint assistants
2024-07-16 10:08:49,804 INFO Creating DocuMint assistants
2024-07-16 10:08:49,804 INFO Creating DocuMint assistants
2024-07-16 10:08:49,804 INFO Creating DocuMint assistants
2024-07-16 10:08:49,806 INFO DocuMint assistants created successfully
2024-07-16 10:08:49,806 INFO DocuMint assistants created successfully
2024-07-16 10:08:49,806 INFO DocuMint assistants created successfully
2024-07-16 10:08:49,806 INFO DocuMint assistants created successfully
2024-07-16 10:08:53,673 INFO Creating DocuMint assistants
2024-07-16 10:08:53,673 INFO Creating DocuMint assistants
2024-07-16 10:08:53,673 INFO Creating DocuMint assistants
2024-07-16 10:08:53,673 INFO Creating DocuMint assistants
2024-07-16 10:08:53,678 INFO DocuMint assistants created successfully
2024-07-16 10:08:53,678 INFO DocuMint assistants created successfully
2024-07-16 10:08:53,678 INFO DocuMint assistants created successfully
2024-07-16 10:08:53,678 INFO DocuMint assistants created successfully
2024-07-16 10:10:29,247 INFO Creating DocuMint assistants
2024-07-16 10:10:29,247 INFO Creating DocuMint assistants
2024-07-16 10:10:29,247 INFO Creating DocuMint assistants
2024-07-16 10:10:29,247 INFO Creating DocuMint assistants
2024-07-16 10:10:29,247 INFO Creating DocuMint assistants
2024-07-16 10:10:29,250 INFO DocuMint assistants created successfully
2024-07-16 10:10:29,250 INFO DocuMint assistants created successfully
2024-07-16 10:10:29,250 INFO DocuMint assistants created successfully
2024-07-16 10:10:29,250 INFO DocuMint assistants created successfully
2024-07-16 10:10:29,250 INFO DocuMint assistants created successfully
2024-07-16 10:11:31,439 INFO Creating DocuMint assistants
2024-07-16 10:11:31,439 INFO Creating DocuMint assistants
2024-07-16 10:11:31,439 INFO Creating DocuMint assistants
2024-07-16 10:11:31,439 INFO Creating DocuMint assistants
2024-07-16 10:11:31,439 INFO Creating DocuMint assistants
2024-07-16 10:11:31,439 INFO Creating DocuMint assistants
2024-07-16 10:11:31,445 INFO DocuMint assistants created successfully
2024-07-16 10:11:31,445 INFO DocuMint assistants created successfully
2024-07-16 10:11:31,445 INFO DocuMint assistants created successfully
2024-07-16 10:11:31,445 INFO DocuMint assistants created successfully
2024-07-16 10:11:31,445 INFO DocuMint assistants created successfully
2024-07-16 10:11:31,445 INFO DocuMint assistants created successfully
2024-07-16 10:13:30,119 INFO Creating DocuMint assistants
2024-07-16 10:13:30,119 INFO Creating DocuMint assistants
2024-07-16 10:13:30,119 INFO Creating DocuMint assistants
2024-07-16 10:13:30,119 INFO Creating DocuMint assistants
2024-07-16 10:13:30,119 INFO Creating DocuMint assistants
2024-07-16 10:13:30,119 INFO Creating DocuMint assistants
2024-07-16 10:13:30,119 INFO Creating DocuMint assistants
2024-07-16 10:13:30,121 INFO DocuMint assistants created successfully
2024-07-16 10:13:30,121 INFO DocuMint assistants created successfully
2024-07-16 10:13:30,121 INFO DocuMint assistants created successfully
2024-07-16 10:13:30,121 INFO DocuMint assistants created successfully
2024-07-16 10:13:30,121 INFO DocuMint assistants created successfully
2024-07-16 10:13:30,121 INFO DocuMint assistants created successfully
2024-07-16 10:13:30,121 INFO DocuMint assistants created successfully
2024-07-16 10:13:34,966 INFO Creating DocuMint assistants
2024-07-16 10:13:34,966 INFO Creating DocuMint assistants
2024-07-16 10:13:34,966 INFO Creating DocuMint assistants
2024-07-16 10:13:34,966 INFO Creating DocuMint assistants
2024-07-16 10:13:34,966 INFO Creating DocuMint assistants
2024-07-16 10:13:34,966 INFO Creating DocuMint assistants
2024-07-16 10:13:34,966 INFO Creating DocuMint assistants
2024-07-16 10:13:34,968 INFO DocuMint assistants created successfully
2024-07-16 10:13:34,968 INFO DocuMint assistants created successfully
2024-07-16 10:13:34,968 INFO DocuMint assistants created successfully
2024-07-16 10:13:34,968 INFO DocuMint assistants created successfully
2024-07-16 10:13:34,968 INFO DocuMint assistants created successfully
2024-07-16 10:13:34,968 INFO DocuMint assistants created successfully
2024-07-16 10:13:34,968 INFO DocuMint assistants created successfully
2024-07-16 10:13:51,081 INFO Creating DocuMint assistants
2024-07-16 10:13:51,081 INFO Creating DocuMint assistants
2024-07-16 10:13:51,081 INFO Creating DocuMint assistants
2024-07-16 10:13:51,081 INFO Creating DocuMint assistants
2024-07-16 10:13:51,081 INFO Creating DocuMint assistants
2024-07-16 10:13:51,081 INFO Creating DocuMint assistants
2024-07-16 10:13:51,081 INFO Creating DocuMint assistants
2024-07-16 10:13:51,081 INFO Creating DocuMint assistants
2024-07-16 10:13:51,082 INFO DocuMint assistants created successfully
2024-07-16 10:13:51,082 INFO DocuMint assistants created successfully
2024-07-16 10:13:51,082 INFO DocuMint assistants created successfully
2024-07-16 10:13:51,082 INFO DocuMint assistants created successfully
2024-07-16 10:13:51,082 INFO DocuMint assistants created successfully
2024-07-16 10:13:51,082 INFO DocuMint assistants created successfully
2024-07-16 10:13:51,082 INFO DocuMint assistants created successfully
2024-07-16 10:13:51,082 INFO DocuMint assistants created successfully
2024-07-16 10:13:55,734 INFO Creating DocuMint assistants
2024-07-16 10:13:55,734 INFO Creating DocuMint assistants
2024-07-16 10:13:55,734 INFO Creating DocuMint assistants
2024-07-16 10:13:55,734 INFO Creating DocuMint assistants
2024-07-16 10:13:55,734 INFO Creating DocuMint assistants
2024-07-16 10:13:55,734 INFO Creating DocuMint assistants
2024-07-16 10:13:55,734 INFO Creating DocuMint assistants
2024-07-16 10:13:55,734 INFO Creating DocuMint assistants
2024-07-16 10:13:55,736 INFO DocuMint assistants created successfully
2024-07-16 10:13:55,736 INFO DocuMint assistants created successfully
2024-07-16 10:13:55,736 INFO DocuMint assistants created successfully
2024-07-16 10:13:55,736 INFO DocuMint assistants created successfully
2024-07-16 10:13:55,736 INFO DocuMint assistants created successfully
2024-07-16 10:13:55,736 INFO DocuMint assistants created successfully
2024-07-16 10:13:55,736 INFO DocuMint assistants created successfully
2024-07-16 10:13:55,736 INFO DocuMint assistants created successfully
2024-07-16 10:15:00,759 INFO Creating DocuMint assistants
2024-07-16 10:15:00,759 INFO Creating DocuMint assistants
2024-07-16 10:15:00,759 INFO Creating DocuMint assistants
2024-07-16 10:15:00,759 INFO Creating DocuMint assistants
2024-07-16 10:15:00,759 INFO Creating DocuMint assistants
2024-07-16 10:15:00,759 INFO Creating DocuMint assistants
2024-07-16 10:15:00,759 INFO Creating DocuMint assistants
2024-07-16 10:15:00,759 INFO Creating DocuMint assistants
2024-07-16 10:15:00,759 INFO Creating DocuMint assistants
2024-07-16 10:15:00,760 INFO DocuMint assistants created successfully
2024-07-16 10:15:00,760 INFO DocuMint assistants created successfully
2024-07-16 10:15:00,760 INFO DocuMint assistants created successfully
2024-07-16 10:15:00,760 INFO DocuMint assistants created successfully
2024-07-16 10:15:00,760 INFO DocuMint assistants created successfully
2024-07-16 10:15:00,760 INFO DocuMint assistants created successfully
2024-07-16 10:15:00,760 INFO DocuMint assistants created successfully
2024-07-16 10:15:00,760 INFO DocuMint assistants created successfully
2024-07-16 10:15:00,760 INFO DocuMint assistants created successfully
2024-07-16 10:15:03,350 INFO Creating DocuMint assistants
2024-07-16 10:15:03,350 INFO Creating DocuMint assistants
2024-07-16 10:15:03,350 INFO Creating DocuMint assistants
2024-07-16 10:15:03,350 INFO Creating DocuMint assistants
2024-07-16 10:15:03,350 INFO Creating DocuMint assistants
2024-07-16 10:15:03,350 INFO Creating DocuMint assistants
2024-07-16 10:15:03,350 INFO Creating DocuMint assistants
2024-07-16 10:15:03,350 INFO Creating DocuMint assistants
2024-07-16 10:15:03,350 INFO Creating DocuMint assistants
2024-07-16 10:15:03,353 INFO DocuMint assistants created successfully
2024-07-16 10:15:03,353 INFO DocuMint assistants created successfully
2024-07-16 10:15:03,353 INFO DocuMint assistants created successfully
2024-07-16 10:15:03,353 INFO DocuMint assistants created successfully
2024-07-16 10:15:03,353 INFO DocuMint assistants created successfully
2024-07-16 10:15:03,353 INFO DocuMint assistants created successfully
2024-07-16 10:15:03,353 INFO DocuMint assistants created successfully
2024-07-16 10:15:03,353 INFO DocuMint assistants created successfully
2024-07-16 10:15:03,353 INFO DocuMint assistants created successfully
2024-07-16 10:15:38,177 INFO Creating DocuMint assistants
2024-07-16 10:15:38,177 INFO Creating DocuMint assistants
2024-07-16 10:15:38,177 INFO Creating DocuMint assistants
2024-07-16 10:15:38,177 INFO Creating DocuMint assistants
2024-07-16 10:15:38,177 INFO Creating DocuMint assistants
2024-07-16 10:15:38,177 INFO Creating DocuMint assistants
2024-07-16 10:15:38,177 INFO Creating DocuMint assistants
2024-07-16 10:15:38,177 INFO Creating DocuMint assistants
2024-07-16 10:15:38,177 INFO Creating DocuMint assistants
2024-07-16 10:15:38,177 INFO Creating DocuMint assistants
2024-07-16 10:15:38,177 INFO DocuMint assistants created successfully
2024-07-16 10:15:38,177 INFO DocuMint assistants created successfully
2024-07-16 10:15:38,177 INFO DocuMint assistants created successfully
2024-07-16 10:15:38,177 INFO DocuMint assistants created successfully
2024-07-16 10:15:38,177 INFO DocuMint assistants created successfully
2024-07-16 10:15:38,177 INFO DocuMint assistants created successfully
2024-07-16 10:15:38,177 INFO DocuMint assistants created successfully
2024-07-16 10:15:38,177 INFO DocuMint assistants created successfully
2024-07-16 10:15:38,177 INFO DocuMint assistants created successfully
2024-07-16 10:15:38,177 INFO DocuMint assistants created successfully
2024-07-16 10:15:41,174 INFO Creating DocuMint assistants
2024-07-16 10:15:41,174 INFO Creating DocuMint assistants
2024-07-16 10:15:41,174 INFO Creating DocuMint assistants
2024-07-16 10:15:41,174 INFO Creating DocuMint assistants
2024-07-16 10:15:41,174 INFO Creating DocuMint assistants
2024-07-16 10:15:41,174 INFO Creating DocuMint assistants
2024-07-16 10:15:41,174 INFO Creating DocuMint assistants
2024-07-16 10:15:41,174 INFO Creating DocuMint assistants
2024-07-16 10:15:41,174 INFO Creating DocuMint assistants
2024-07-16 10:15:41,174 INFO Creating DocuMint assistants
2024-07-16 10:15:41,175 INFO DocuMint assistants created successfully
2024-07-16 10:15:41,175 INFO DocuMint assistants created successfully
2024-07-16 10:15:41,175 INFO DocuMint assistants created successfully
2024-07-16 10:15:41,175 INFO DocuMint assistants created successfully
2024-07-16 10:15:41,175 INFO DocuMint assistants created successfully
2024-07-16 10:15:41,175 INFO DocuMint assistants created successfully
2024-07-16 10:15:41,175 INFO DocuMint assistants created successfully
2024-07-16 10:15:41,175 INFO DocuMint assistants created successfully
2024-07-16 10:15:41,175 INFO DocuMint assistants created successfully
2024-07-16 10:15:41,175 INFO DocuMint assistants created successfully
2024-07-16 10:15:52,666 INFO Creating DocuMint assistants
2024-07-16 10:15:52,666 INFO Creating DocuMint assistants
2024-07-16 10:15:52,666 INFO Creating DocuMint assistants
2024-07-16 10:15:52,666 INFO Creating DocuMint assistants
2024-07-16 10:15:52,666 INFO Creating DocuMint assistants
2024-07-16 10:15:52,666 INFO Creating DocuMint assistants
2024-07-16 10:15:52,666 INFO Creating DocuMint assistants
2024-07-16 10:15:52,666 INFO Creating DocuMint assistants
2024-07-16 10:15:52,666 INFO Creating DocuMint assistants
2024-07-16 10:15:52,666 INFO Creating DocuMint assistants
2024-07-16 10:15:52,668 INFO DocuMint assistants created successfully
2024-07-16 10:15:52,668 INFO DocuMint assistants created successfully
2024-07-16 10:15:52,668 INFO DocuMint assistants created successfully
2024-07-16 10:15:52,668 INFO DocuMint assistants created successfully
2024-07-16 10:15:52,668 INFO DocuMint assistants created successfully
2024-07-16 10:15:52,668 INFO DocuMint assistants created successfully
2024-07-16 10:15:52,668 INFO DocuMint assistants created successfully
2024-07-16 10:15:52,668 INFO DocuMint assistants created successfully
2024-07-16 10:15:52,668 INFO DocuMint assistants created successfully
2024-07-16 10:15:52,668 INFO DocuMint assistants created successfully
2024-07-16 10:15:56,792 INFO Creating DocuMint assistants
2024-07-16 10:15:56,792 INFO Creating DocuMint assistants
2024-07-16 10:15:56,792 INFO Creating DocuMint assistants
2024-07-16 10:15:56,792 INFO Creating DocuMint assistants
2024-07-16 10:15:56,792 INFO Creating DocuMint assistants
2024-07-16 10:15:56,792 INFO Creating DocuMint assistants
2024-07-16 10:15:56,792 INFO Creating DocuMint assistants
2024-07-16 10:15:56,792 INFO Creating DocuMint assistants
2024-07-16 10:15:56,792 INFO Creating DocuMint assistants
2024-07-16 10:15:56,792 INFO Creating DocuMint assistants
2024-07-16 10:15:56,794 INFO DocuMint assistants created successfully
2024-07-16 10:15:56,794 INFO DocuMint assistants created successfully
2024-07-16 10:15:56,794 INFO DocuMint assistants created successfully
2024-07-16 10:15:56,794 INFO DocuMint assistants created successfully
2024-07-16 10:15:56,794 INFO DocuMint assistants created successfully
2024-07-16 10:15:56,794 INFO DocuMint assistants created successfully
2024-07-16 10:15:56,794 INFO DocuMint assistants created successfully
2024-07-16 10:15:56,794 INFO DocuMint assistants created successfully
2024-07-16 10:15:56,794 INFO DocuMint assistants created successfully
2024-07-16 10:15:56,794 INFO DocuMint assistants created successfully
2024-07-16 10:16:01,073 INFO Creating DocuMint assistants
2024-07-16 10:16:01,073 INFO Creating DocuMint assistants
2024-07-16 10:16:01,073 INFO Creating DocuMint assistants
2024-07-16 10:16:01,073 INFO Creating DocuMint assistants
2024-07-16 10:16:01,073 INFO Creating DocuMint assistants
2024-07-16 10:16:01,073 INFO Creating DocuMint assistants
2024-07-16 10:16:01,073 INFO Creating DocuMint assistants
2024-07-16 10:16:01,073 INFO Creating DocuMint assistants
2024-07-16 10:16:01,073 INFO Creating DocuMint assistants
2024-07-16 10:16:01,073 INFO Creating DocuMint assistants
2024-07-16 10:16:01,076 INFO DocuMint assistants created successfully
2024-07-16 10:16:01,076 INFO DocuMint assistants created successfully
2024-07-16 10:16:01,076 INFO DocuMint assistants created successfully
2024-07-16 10:16:01,076 INFO DocuMint assistants created successfully
2024-07-16 10:16:01,076 INFO DocuMint assistants created successfully
2024-07-16 10:16:01,076 INFO DocuMint assistants created successfully
2024-07-16 10:16:01,076 INFO DocuMint assistants created successfully
2024-07-16 10:16:01,076 INFO DocuMint assistants created successfully
2024-07-16 10:16:01,076 INFO DocuMint assistants created successfully
2024-07-16 10:16:01,076 INFO DocuMint assistants created successfully
2024-07-16 10:16:04,499 INFO Creating DocuMint assistants
2024-07-16 10:16:04,499 INFO Creating DocuMint assistants
2024-07-16 10:16:04,499 INFO Creating DocuMint assistants
2024-07-16 10:16:04,499 INFO Creating DocuMint assistants
2024-07-16 10:16:04,499 INFO Creating DocuMint assistants
2024-07-16 10:16:04,499 INFO Creating DocuMint assistants
2024-07-16 10:16:04,499 INFO Creating DocuMint assistants
2024-07-16 10:16:04,499 INFO Creating DocuMint assistants
2024-07-16 10:16:04,499 INFO Creating DocuMint assistants
2024-07-16 10:16:04,499 INFO Creating DocuMint assistants
2024-07-16 10:16:04,503 INFO DocuMint assistants created successfully
2024-07-16 10:16:04,503 INFO DocuMint assistants created successfully
2024-07-16 10:16:04,503 INFO DocuMint assistants created successfully
2024-07-16 10:16:04,503 INFO DocuMint assistants created successfully
2024-07-16 10:16:04,503 INFO DocuMint assistants created successfully
2024-07-16 10:16:04,503 INFO DocuMint assistants created successfully
2024-07-16 10:16:04,503 INFO DocuMint assistants created successfully
2024-07-16 10:16:04,503 INFO DocuMint assistants created successfully
2024-07-16 10:16:04,503 INFO DocuMint assistants created successfully
2024-07-16 10:16:04,503 INFO DocuMint assistants created successfully
2024-07-16 10:17:06,554 INFO Creating DocuMint assistants
2024-07-16 10:17:06,554 INFO Creating DocuMint assistants
2024-07-16 10:17:06,554 INFO Creating DocuMint assistants
2024-07-16 10:17:06,554 INFO Creating DocuMint assistants
2024-07-16 10:17:06,554 INFO Creating DocuMint assistants
2024-07-16 10:17:06,554 INFO Creating DocuMint assistants
2024-07-16 10:17:06,554 INFO Creating DocuMint assistants
2024-07-16 10:17:06,554 INFO Creating DocuMint assistants
2024-07-16 10:17:06,554 INFO Creating DocuMint assistants
2024-07-16 10:17:06,554 INFO Creating DocuMint assistants
2024-07-16 10:17:06,554 INFO Creating DocuMint assistants
2024-07-16 10:17:06,555 INFO DocuMint assistants created successfully
2024-07-16 10:17:06,555 INFO DocuMint assistants created successfully
2024-07-16 10:17:06,555 INFO DocuMint assistants created successfully
2024-07-16 10:17:06,555 INFO DocuMint assistants created successfully
2024-07-16 10:17:06,555 INFO DocuMint assistants created successfully
2024-07-16 10:17:06,555 INFO DocuMint assistants created successfully
2024-07-16 10:17:06,555 INFO DocuMint assistants created successfully
2024-07-16 10:17:06,555 INFO DocuMint assistants created successfully
2024-07-16 10:17:06,555 INFO DocuMint assistants created successfully
2024-07-16 10:17:06,555 INFO DocuMint assistants created successfully
2024-07-16 10:17:06,555 INFO DocuMint assistants created successfully
2024-07-16 10:17:09,779 INFO Creating DocuMint assistants
2024-07-16 10:17:09,779 INFO Creating DocuMint assistants
2024-07-16 10:17:09,779 INFO Creating DocuMint assistants
2024-07-16 10:17:09,779 INFO Creating DocuMint assistants
2024-07-16 10:17:09,779 INFO Creating DocuMint assistants
2024-07-16 10:17:09,779 INFO Creating DocuMint assistants
2024-07-16 10:17:09,779 INFO Creating DocuMint assistants
2024-07-16 10:17:09,779 INFO Creating DocuMint assistants
2024-07-16 10:17:09,779 INFO Creating DocuMint assistants
2024-07-16 10:17:09,779 INFO Creating DocuMint assistants
2024-07-16 10:17:09,779 INFO Creating DocuMint assistants
2024-07-16 10:17:09,782 INFO DocuMint assistants created successfully
2024-07-16 10:17:09,782 INFO DocuMint assistants created successfully
2024-07-16 10:17:09,782 INFO DocuMint assistants created successfully
2024-07-16 10:17:09,782 INFO DocuMint assistants created successfully
2024-07-16 10:17:09,782 INFO DocuMint assistants created successfully
2024-07-16 10:17:09,782 INFO DocuMint assistants created successfully
2024-07-16 10:17:09,782 INFO DocuMint assistants created successfully
2024-07-16 10:17:09,782 INFO DocuMint assistants created successfully
2024-07-16 10:17:09,782 INFO DocuMint assistants created successfully
2024-07-16 10:17:09,782 INFO DocuMint assistants created successfully
2024-07-16 10:17:09,782 INFO DocuMint assistants created successfully
2024-07-16 10:17:26,866 INFO Creating DocuMint assistants
2024-07-16 10:17:26,866 INFO Creating DocuMint assistants
2024-07-16 10:17:26,866 INFO Creating DocuMint assistants
2024-07-16 10:17:26,866 INFO Creating DocuMint assistants
2024-07-16 10:17:26,866 INFO Creating DocuMint assistants
2024-07-16 10:17:26,866 INFO Creating DocuMint assistants
2024-07-16 10:17:26,866 INFO Creating DocuMint assistants
2024-07-16 10:17:26,866 INFO Creating DocuMint assistants
2024-07-16 10:17:26,866 INFO Creating DocuMint assistants
2024-07-16 10:17:26,866 INFO Creating DocuMint assistants
2024-07-16 10:17:26,866 INFO Creating DocuMint assistants
2024-07-16 10:17:26,866 INFO Creating DocuMint assistants
2024-07-16 10:17:26,866 INFO DocuMint assistants created successfully
2024-07-16 10:17:26,866 INFO DocuMint assistants created successfully
2024-07-16 10:17:26,866 INFO DocuMint assistants created successfully
2024-07-16 10:17:26,866 INFO DocuMint assistants created successfully
2024-07-16 10:17:26,866 INFO DocuMint assistants created successfully
2024-07-16 10:17:26,866 INFO DocuMint assistants created successfully
2024-07-16 10:17:26,866 INFO DocuMint assistants created successfully
2024-07-16 10:17:26,866 INFO DocuMint assistants created successfully
2024-07-16 10:17:26,866 INFO DocuMint assistants created successfully
2024-07-16 10:17:26,866 INFO DocuMint assistants created successfully
2024-07-16 10:17:26,866 INFO DocuMint assistants created successfully
2024-07-16 10:17:26,866 INFO DocuMint assistants created successfully
2024-07-16 10:17:29,617 INFO Creating DocuMint assistants
2024-07-16 10:17:29,617 INFO Creating DocuMint assistants
2024-07-16 10:17:29,617 INFO Creating DocuMint assistants
2024-07-16 10:17:29,617 INFO Creating DocuMint assistants
2024-07-16 10:17:29,617 INFO Creating DocuMint assistants
2024-07-16 10:17:29,617 INFO Creating DocuMint assistants
2024-07-16 10:17:29,617 INFO Creating DocuMint assistants
2024-07-16 10:17:29,617 INFO Creating DocuMint assistants
2024-07-16 10:17:29,617 INFO Creating DocuMint assistants
2024-07-16 10:17:29,617 INFO Creating DocuMint assistants
2024-07-16 10:17:29,617 INFO Creating DocuMint assistants
2024-07-16 10:17:29,617 INFO Creating DocuMint assistants
2024-07-16 10:17:29,621 INFO DocuMint assistants created successfully
2024-07-16 10:17:29,621 INFO DocuMint assistants created successfully
2024-07-16 10:17:29,621 INFO DocuMint assistants created successfully
2024-07-16 10:17:29,621 INFO DocuMint assistants created successfully
2024-07-16 10:17:29,621 INFO DocuMint assistants created successfully
2024-07-16 10:17:29,621 INFO DocuMint assistants created successfully
2024-07-16 10:17:29,621 INFO DocuMint assistants created successfully
2024-07-16 10:17:29,621 INFO DocuMint assistants created successfully
2024-07-16 10:17:29,621 INFO DocuMint assistants created successfully
2024-07-16 10:17:29,621 INFO DocuMint assistants created successfully
2024-07-16 10:17:29,621 INFO DocuMint assistants created successfully
2024-07-16 10:17:29,621 INFO DocuMint assistants created successfully
2024-07-16 10:17:42,300 INFO Creating DocuMint assistants
2024-07-16 10:17:42,300 INFO Creating DocuMint assistants
2024-07-16 10:17:42,300 INFO Creating DocuMint assistants
2024-07-16 10:17:42,300 INFO Creating DocuMint assistants
2024-07-16 10:17:42,300 INFO Creating DocuMint assistants
2024-07-16 10:17:42,300 INFO Creating DocuMint assistants
2024-07-16 10:17:42,300 INFO Creating DocuMint assistants
2024-07-16 10:17:42,300 INFO Creating DocuMint assistants
2024-07-16 10:17:42,300 INFO Creating DocuMint assistants
2024-07-16 10:17:42,300 INFO Creating DocuMint assistants
2024-07-16 10:17:42,300 INFO Creating DocuMint assistants
2024-07-16 10:17:42,300 INFO Creating DocuMint assistants
2024-07-16 10:17:42,301 INFO DocuMint assistants created successfully
2024-07-16 10:17:42,301 INFO DocuMint assistants created successfully
2024-07-16 10:17:42,301 INFO DocuMint assistants created successfully
2024-07-16 10:17:42,301 INFO DocuMint assistants created successfully
2024-07-16 10:17:42,301 INFO DocuMint assistants created successfully
2024-07-16 10:17:42,301 INFO DocuMint assistants created successfully
2024-07-16 10:17:42,301 INFO DocuMint assistants created successfully
2024-07-16 10:17:42,301 INFO DocuMint assistants created successfully
2024-07-16 10:17:42,301 INFO DocuMint assistants created successfully
2024-07-16 10:17:42,301 INFO DocuMint assistants created successfully
2024-07-16 10:17:42,301 INFO DocuMint assistants created successfully
2024-07-16 10:17:42,301 INFO DocuMint assistants created successfully
2024-07-16 10:17:44,171 INFO Creating DocuMint assistants
2024-07-16 10:17:44,171 INFO Creating DocuMint assistants
2024-07-16 10:17:44,171 INFO Creating DocuMint assistants
2024-07-16 10:17:44,171 INFO Creating DocuMint assistants
2024-07-16 10:17:44,171 INFO Creating DocuMint assistants
2024-07-16 10:17:44,171 INFO Creating DocuMint assistants
2024-07-16 10:17:44,171 INFO Creating DocuMint assistants
2024-07-16 10:17:44,171 INFO Creating DocuMint assistants
2024-07-16 10:17:44,171 INFO Creating DocuMint assistants
2024-07-16 10:17:44,171 INFO Creating DocuMint assistants
2024-07-16 10:17:44,171 INFO Creating DocuMint assistants
2024-07-16 10:17:44,171 INFO Creating DocuMint assistants
2024-07-16 10:17:44,175 INFO DocuMint assistants created successfully
2024-07-16 10:17:44,175 INFO DocuMint assistants created successfully
2024-07-16 10:17:44,175 INFO DocuMint assistants created successfully
2024-07-16 10:17:44,175 INFO DocuMint assistants created successfully
2024-07-16 10:17:44,175 INFO DocuMint assistants created successfully
2024-07-16 10:17:44,175 INFO DocuMint assistants created successfully
2024-07-16 10:17:44,175 INFO DocuMint assistants created successfully
2024-07-16 10:17:44,175 INFO DocuMint assistants created successfully
2024-07-16 10:17:44,175 INFO DocuMint assistants created successfully
2024-07-16 10:17:44,175 INFO DocuMint assistants created successfully
2024-07-16 10:17:44,175 INFO DocuMint assistants created successfully
2024-07-16 10:17:44,175 INFO DocuMint assistants created successfully
2024-07-16 10:17:45,201 INFO Creating DocuMint assistants
2024-07-16 10:17:45,201 INFO Creating DocuMint assistants
2024-07-16 10:17:45,201 INFO Creating DocuMint assistants
2024-07-16 10:17:45,201 INFO Creating DocuMint assistants
2024-07-16 10:17:45,201 INFO Creating DocuMint assistants
2024-07-16 10:17:45,201 INFO Creating DocuMint assistants
2024-07-16 10:17:45,201 INFO Creating DocuMint assistants
2024-07-16 10:17:45,201 INFO Creating DocuMint assistants
2024-07-16 10:17:45,201 INFO Creating DocuMint assistants
2024-07-16 10:17:45,201 INFO Creating DocuMint assistants
2024-07-16 10:17:45,201 INFO Creating DocuMint assistants
2024-07-16 10:17:45,201 INFO Creating DocuMint assistants
2024-07-16 10:17:45,205 INFO DocuMint assistants created successfully
2024-07-16 10:17:45,205 INFO DocuMint assistants created successfully
2024-07-16 10:17:45,205 INFO DocuMint assistants created successfully
2024-07-16 10:17:45,205 INFO DocuMint assistants created successfully
2024-07-16 10:17:45,205 INFO DocuMint assistants created successfully
2024-07-16 10:17:45,205 INFO DocuMint assistants created successfully
2024-07-16 10:17:45,205 INFO DocuMint assistants created successfully
2024-07-16 10:17:45,205 INFO DocuMint assistants created successfully
2024-07-16 10:17:45,205 INFO DocuMint assistants created successfully
2024-07-16 10:17:45,205 INFO DocuMint assistants created successfully
2024-07-16 10:17:45,205 INFO DocuMint assistants created successfully
2024-07-16 10:17:45,205 INFO DocuMint assistants created successfully
2024-07-16 10:17:45,220 INFO Starting document generation for Statement of Work (SOW)
2024-07-16 10:17:45,220 INFO Starting document generation for Statement of Work (SOW)
2024-07-16 10:17:45,220 INFO Starting document generation for Statement of Work (SOW)
2024-07-16 10:17:45,220 INFO Starting document generation for Statement of Work (SOW)
2024-07-16 10:17:45,220 INFO Starting document generation for Statement of Work (SOW)
2024-07-16 10:17:45,220 INFO Starting document generation for Statement of Work (SOW)
2024-07-16 10:17:45,220 INFO Starting document generation for Statement of Work (SOW)
2024-07-16 10:17:45,220 INFO Starting document generation for Statement of Work (SOW)
2024-07-16 10:17:45,220 INFO Starting document generation for Statement of Work (SOW)
2024-07-16 10:17:45,220 INFO Starting document generation for Statement of Work (SOW)
2024-07-16 10:17:45,220 INFO Starting document generation for Statement of Work (SOW)
2024-07-16 10:17:45,220 INFO Starting document generation for Statement of Work (SOW)
2024-07-16 10:17:45,221 INFO Sending prompt to orchestrator
2024-07-16 10:17:45,221 INFO Sending prompt to orchestrator
2024-07-16 10:17:45,221 INFO Sending prompt to orchestrator
2024-07-16 10:17:45,221 INFO Sending prompt to orchestrator
2024-07-16 10:17:45,221 INFO Sending prompt to orchestrator
2024-07-16 10:17:45,221 INFO Sending prompt to orchestrator
2024-07-16 10:17:45,221 INFO Sending prompt to orchestrator
2024-07-16 10:17:45,221 INFO Sending prompt to orchestrator
2024-07-16 10:17:45,221 INFO Sending prompt to orchestrator
2024-07-16 10:17:45,221 INFO Sending prompt to orchestrator
2024-07-16 10:17:45,221 INFO Sending prompt to orchestrator
2024-07-16 10:17:45,221 INFO Sending prompt to orchestrator
2024-07-16 10:17:45,221 INFO Received response from orchestrator
2024-07-16 10:17:45,221 INFO Received response from orchestrator
2024-07-16 10:17:45,221 INFO Received response from orchestrator
2024-07-16 10:17:45,221 INFO Received response from orchestrator
2024-07-16 10:17:45,221 INFO Received response from orchestrator
2024-07-16 10:17:45,221 INFO Received response from orchestrator
2024-07-16 10:17:45,221 INFO Received response from orchestrator
2024-07-16 10:17:45,221 INFO Received response from orchestrator
2024-07-16 10:17:45,221 INFO Received response from orchestrator
2024-07-16 10:17:45,221 INFO Received response from orchestrator
2024-07-16 10:17:45,221 INFO Received response from orchestrator
2024-07-16 10:17:45,221 INFO Received response from orchestrator
2024-07-16 10:18:08,582 INFO Generated content (first 100 chars): Here is the generated Statement of Work (SOW) based on the provided information:

# Statement of Wor...
2024-07-16 10:18:08,582 INFO Generated content (first 100 chars): Here is the generated Statement of Work (SOW) based on the provided information:

# Statement of Wor...
2024-07-16 10:18:08,582 INFO Generated content (first 100 chars): Here is the generated Statement of Work (SOW) based on the provided information:

# Statement of Wor...
2024-07-16 10:18:08,582 INFO Generated content (first 100 chars): Here is the generated Statement of Work (SOW) based on the provided information:

# Statement of Wor...
2024-07-16 10:18:08,582 INFO Generated content (first 100 chars): Here is the generated Statement of Work (SOW) based on the provided information:

# Statement of Wor...
2024-07-16 10:18:08,582 INFO Generated content (first 100 chars): Here is the generated Statement of Work (SOW) based on the provided information:

# Statement of Wor...
2024-07-16 10:18:08,582 INFO Generated content (first 100 chars): Here is the generated Statement of Work (SOW) based on the provided information:

# Statement of Wor...
2024-07-16 10:18:08,582 INFO Generated content (first 100 chars): Here is the generated Statement of Work (SOW) based on the provided information:

# Statement of Wor...
2024-07-16 10:18:08,582 INFO Generated content (first 100 chars): Here is the generated Statement of Work (SOW) based on the provided information:

# Statement of Wor...
2024-07-16 10:18:08,582 INFO Generated content (first 100 chars): Here is the generated Statement of Work (SOW) based on the provided information:

# Statement of Wor...
2024-07-16 10:18:08,582 INFO Generated content (first 100 chars): Here is the generated Statement of Work (SOW) based on the provided information:

# Statement of Wor...
2024-07-16 10:18:08,582 INFO Generated content (first 100 chars): Here is the generated Statement of Work (SOW) based on the provided information:

# Statement of Wor...
2024-07-16 10:30:13,101 INFO Creating DocuMint assistants
2024-07-16 10:30:13,101 INFO Creating DocuMint assistants
2024-07-16 10:30:13,101 INFO Creating DocuMint assistants
2024-07-16 10:30:13,101 INFO Creating DocuMint assistants
2024-07-16 10:30:13,101 INFO Creating DocuMint assistants
2024-07-16 10:30:13,101 INFO Creating DocuMint assistants
2024-07-16 10:30:13,101 INFO Creating DocuMint assistants
2024-07-16 10:30:13,101 INFO Creating DocuMint assistants
2024-07-16 10:30:13,101 INFO Creating DocuMint assistants
2024-07-16 10:30:13,101 INFO Creating DocuMint assistants
2024-07-16 10:30:13,101 INFO Creating DocuMint assistants
2024-07-16 10:30:13,101 INFO Creating DocuMint assistants
2024-07-16 10:30:13,105 INFO DocuMint assistants created successfully
2024-07-16 10:30:13,105 INFO DocuMint assistants created successfully
2024-07-16 10:30:13,105 INFO DocuMint assistants created successfully
2024-07-16 10:30:13,105 INFO DocuMint assistants created successfully
2024-07-16 10:30:13,105 INFO DocuMint assistants created successfully
2024-07-16 10:30:13,105 INFO DocuMint assistants created successfully
2024-07-16 10:30:13,105 INFO DocuMint assistants created successfully
2024-07-16 10:30:13,105 INFO DocuMint assistants created successfully
2024-07-16 10:30:13,105 INFO DocuMint assistants created successfully
2024-07-16 10:30:13,105 INFO DocuMint assistants created successfully
2024-07-16 10:30:13,105 INFO DocuMint assistants created successfully
2024-07-16 10:30:13,105 INFO DocuMint assistants created successfully
2024-07-16 10:43:03,244 INFO Creating DocuMint assistants
2024-07-16 10:43:03,244 INFO Creating DocuMint assistants
2024-07-16 10:43:03,244 INFO Creating DocuMint assistants
2024-07-16 10:43:03,244 INFO Creating DocuMint assistants
2024-07-16 10:43:03,244 INFO Creating DocuMint assistants
2024-07-16 10:43:03,244 INFO Creating DocuMint assistants
2024-07-16 10:43:03,244 INFO Creating DocuMint assistants
2024-07-16 10:43:03,244 INFO Creating DocuMint assistants
2024-07-16 10:43:03,244 INFO Creating DocuMint assistants
2024-07-16 10:43:03,244 INFO Creating DocuMint assistants
2024-07-16 10:43:03,244 INFO Creating DocuMint assistants
2024-07-16 10:43:03,244 INFO Creating DocuMint assistants
2024-07-16 10:43:03,248 INFO DocuMint assistants created successfully
2024-07-16 10:43:03,248 INFO DocuMint assistants created successfully
2024-07-16 10:43:03,248 INFO DocuMint assistants created successfully
2024-07-16 10:43:03,248 INFO DocuMint assistants created successfully
2024-07-16 10:43:03,248 INFO DocuMint assistants created successfully
2024-07-16 10:43:03,248 INFO DocuMint assistants created successfully
2024-07-16 10:43:03,248 INFO DocuMint assistants created successfully
2024-07-16 10:43:03,248 INFO DocuMint assistants created successfully
2024-07-16 10:43:03,248 INFO DocuMint assistants created successfully
2024-07-16 10:43:03,248 INFO DocuMint assistants created successfully
2024-07-16 10:43:03,248 INFO DocuMint assistants created successfully
2024-07-16 10:43:03,248 INFO DocuMint assistants created successfully
2024-07-16 12:25:34,333 INFO Creating DocuMint assistants
2024-07-16 12:25:34,333 INFO Creating DocuMint assistants
2024-07-16 12:25:34,333 INFO Creating DocuMint assistants
2024-07-16 12:25:34,333 INFO Creating DocuMint assistants
2024-07-16 12:25:34,333 INFO Creating DocuMint assistants
2024-07-16 12:25:34,333 INFO Creating DocuMint assistants
2024-07-16 12:25:34,333 INFO Creating DocuMint assistants
2024-07-16 12:25:34,333 INFO Creating DocuMint assistants
2024-07-16 12:25:34,333 INFO Creating DocuMint assistants
2024-07-16 12:25:34,333 INFO Creating DocuMint assistants
2024-07-16 12:25:34,333 INFO Creating DocuMint assistants
2024-07-16 12:25:34,333 INFO Creating DocuMint assistants
2024-07-16 12:25:34,333 INFO Creating DocuMint assistants
2024-07-16 12:25:34,335 INFO DocuMint assistants created successfully
2024-07-16 12:25:34,335 INFO DocuMint assistants created successfully
2024-07-16 12:25:34,335 INFO DocuMint assistants created successfully
2024-07-16 12:25:34,335 INFO DocuMint assistants created successfully
2024-07-16 12:25:34,335 INFO DocuMint assistants created successfully
2024-07-16 12:25:34,335 INFO DocuMint assistants created successfully
2024-07-16 12:25:34,335 INFO DocuMint assistants created successfully
2024-07-16 12:25:34,335 INFO DocuMint assistants created successfully
2024-07-16 12:25:34,335 INFO DocuMint assistants created successfully
2024-07-16 12:25:34,335 INFO DocuMint assistants created successfully
2024-07-16 12:25:34,335 INFO DocuMint assistants created successfully
2024-07-16 12:25:34,335 INFO DocuMint assistants created successfully
2024-07-16 12:25:34,335 INFO DocuMint assistants created successfully
2024-07-16 12:25:44,405 INFO Creating DocuMint assistants
2024-07-16 12:25:44,405 INFO Creating DocuMint assistants
2024-07-16 12:25:44,405 INFO Creating DocuMint assistants
2024-07-16 12:25:44,405 INFO Creating DocuMint assistants
2024-07-16 12:25:44,405 INFO Creating DocuMint assistants
2024-07-16 12:25:44,405 INFO Creating DocuMint assistants
2024-07-16 12:25:44,405 INFO Creating DocuMint assistants
2024-07-16 12:25:44,405 INFO Creating DocuMint assistants
2024-07-16 12:25:44,405 INFO Creating DocuMint assistants
2024-07-16 12:25:44,405 INFO Creating DocuMint assistants
2024-07-16 12:25:44,405 INFO Creating DocuMint assistants
2024-07-16 12:25:44,405 INFO Creating DocuMint assistants
2024-07-16 12:25:44,405 INFO Creating DocuMint assistants
2024-07-16 12:25:44,407 INFO DocuMint assistants created successfully
2024-07-16 12:25:44,407 INFO DocuMint assistants created successfully
2024-07-16 12:25:44,407 INFO DocuMint assistants created successfully
2024-07-16 12:25:44,407 INFO DocuMint assistants created successfully
2024-07-16 12:25:44,407 INFO DocuMint assistants created successfully
2024-07-16 12:25:44,407 INFO DocuMint assistants created successfully
2024-07-16 12:25:44,407 INFO DocuMint assistants created successfully
2024-07-16 12:25:44,407 INFO DocuMint assistants created successfully
2024-07-16 12:25:44,407 INFO DocuMint assistants created successfully
2024-07-16 12:25:44,407 INFO DocuMint assistants created successfully
2024-07-16 12:25:44,407 INFO DocuMint assistants created successfully
2024-07-16 12:25:44,407 INFO DocuMint assistants created successfully
2024-07-16 12:25:44,407 INFO DocuMint assistants created successfully
2024-07-16 12:25:47,429 INFO Creating DocuMint assistants
2024-07-16 12:25:47,429 INFO Creating DocuMint assistants
2024-07-16 12:25:47,429 INFO Creating DocuMint assistants
2024-07-16 12:25:47,429 INFO Creating DocuMint assistants
2024-07-16 12:25:47,429 INFO Creating DocuMint assistants
2024-07-16 12:25:47,429 INFO Creating DocuMint assistants
2024-07-16 12:25:47,429 INFO Creating DocuMint assistants
2024-07-16 12:25:47,429 INFO Creating DocuMint assistants
2024-07-16 12:25:47,429 INFO Creating DocuMint assistants
2024-07-16 12:25:47,429 INFO Creating DocuMint assistants
2024-07-16 12:25:47,429 INFO Creating DocuMint assistants
2024-07-16 12:25:47,429 INFO Creating DocuMint assistants
2024-07-16 12:25:47,429 INFO Creating DocuMint assistants
2024-07-16 12:25:47,433 INFO DocuMint assistants created successfully
2024-07-16 12:25:47,433 INFO DocuMint assistants created successfully
2024-07-16 12:25:47,433 INFO DocuMint assistants created successfully
2024-07-16 12:25:47,433 INFO DocuMint assistants created successfully
2024-07-16 12:25:47,433 INFO DocuMint assistants created successfully
2024-07-16 12:25:47,433 INFO DocuMint assistants created successfully
2024-07-16 12:25:47,433 INFO DocuMint assistants created successfully
2024-07-16 12:25:47,433 INFO DocuMint assistants created successfully
2024-07-16 12:25:47,433 INFO DocuMint assistants created successfully
2024-07-16 12:25:47,433 INFO DocuMint assistants created successfully
2024-07-16 12:25:47,433 INFO DocuMint assistants created successfully
2024-07-16 12:25:47,433 INFO DocuMint assistants created successfully
2024-07-16 12:25:47,433 INFO DocuMint assistants created successfully
2024-07-16 12:25:51,705 INFO Creating DocuMint assistants
2024-07-16 12:25:51,705 INFO Creating DocuMint assistants
2024-07-16 12:25:51,705 INFO Creating DocuMint assistants
2024-07-16 12:25:51,705 INFO Creating DocuMint assistants
2024-07-16 12:25:51,705 INFO Creating DocuMint assistants
2024-07-16 12:25:51,705 INFO Creating DocuMint assistants
2024-07-16 12:25:51,705 INFO Creating DocuMint assistants
2024-07-16 12:25:51,705 INFO Creating DocuMint assistants
2024-07-16 12:25:51,705 INFO Creating DocuMint assistants
2024-07-16 12:25:51,705 INFO Creating DocuMint assistants
2024-07-16 12:25:51,705 INFO Creating DocuMint assistants
2024-07-16 12:25:51,705 INFO Creating DocuMint assistants
2024-07-16 12:25:51,705 INFO Creating DocuMint assistants
2024-07-16 12:25:51,708 INFO DocuMint assistants created successfully
2024-07-16 12:25:51,708 INFO DocuMint assistants created successfully
2024-07-16 12:25:51,708 INFO DocuMint assistants created successfully
2024-07-16 12:25:51,708 INFO DocuMint assistants created successfully
2024-07-16 12:25:51,708 INFO DocuMint assistants created successfully
2024-07-16 12:25:51,708 INFO DocuMint assistants created successfully
2024-07-16 12:25:51,708 INFO DocuMint assistants created successfully
2024-07-16 12:25:51,708 INFO DocuMint assistants created successfully
2024-07-16 12:25:51,708 INFO DocuMint assistants created successfully
2024-07-16 12:25:51,708 INFO DocuMint assistants created successfully
2024-07-16 12:25:51,708 INFO DocuMint assistants created successfully
2024-07-16 12:25:51,708 INFO DocuMint assistants created successfully
2024-07-16 12:25:51,708 INFO DocuMint assistants created successfully
2024-07-16 12:25:51,730 INFO Starting document generation for Statement of Work (SOW)
2024-07-16 12:25:51,730 INFO Starting document generation for Statement of Work (SOW)
2024-07-16 12:25:51,730 INFO Starting document generation for Statement of Work (SOW)
2024-07-16 12:25:51,730 INFO Starting document generation for Statement of Work (SOW)
2024-07-16 12:25:51,730 INFO Starting document generation for Statement of Work (SOW)
2024-07-16 12:25:51,730 INFO Starting document generation for Statement of Work (SOW)
2024-07-16 12:25:51,730 INFO Starting document generation for Statement of Work (SOW)
2024-07-16 12:25:51,730 INFO Starting document generation for Statement of Work (SOW)
2024-07-16 12:25:51,730 INFO Starting document generation for Statement of Work (SOW)
2024-07-16 12:25:51,730 INFO Starting document generation for Statement of Work (SOW)
2024-07-16 12:25:51,730 INFO Starting document generation for Statement of Work (SOW)
2024-07-16 12:25:51,730 INFO Starting document generation for Statement of Work (SOW)
2024-07-16 12:25:51,730 INFO Starting document generation for Statement of Work (SOW)
2024-07-16 12:25:51,731 INFO Sending prompt to orchestrator
2024-07-16 12:25:51,731 INFO Sending prompt to orchestrator
2024-07-16 12:25:51,731 INFO Sending prompt to orchestrator
2024-07-16 12:25:51,731 INFO Sending prompt to orchestrator
2024-07-16 12:25:51,731 INFO Sending prompt to orchestrator
2024-07-16 12:25:51,731 INFO Sending prompt to orchestrator
2024-07-16 12:25:51,731 INFO Sending prompt to orchestrator
2024-07-16 12:25:51,731 INFO Sending prompt to orchestrator
2024-07-16 12:25:51,731 INFO Sending prompt to orchestrator
2024-07-16 12:25:51,731 INFO Sending prompt to orchestrator
2024-07-16 12:25:51,731 INFO Sending prompt to orchestrator
2024-07-16 12:25:51,731 INFO Sending prompt to orchestrator
2024-07-16 12:25:51,731 INFO Sending prompt to orchestrator
2024-07-16 12:25:51,732 INFO Received response from orchestrator
2024-07-16 12:25:51,732 INFO Received response from orchestrator
2024-07-16 12:25:51,732 INFO Received response from orchestrator
2024-07-16 12:25:51,732 INFO Received response from orchestrator
2024-07-16 12:25:51,732 INFO Received response from orchestrator
2024-07-16 12:25:51,732 INFO Received response from orchestrator
2024-07-16 12:25:51,732 INFO Received response from orchestrator
2024-07-16 12:25:51,732 INFO Received response from orchestrator
2024-07-16 12:25:51,732 INFO Received response from orchestrator
2024-07-16 12:25:51,732 INFO Received response from orchestrator
2024-07-16 12:25:51,732 INFO Received response from orchestrator
2024-07-16 12:25:51,732 INFO Received response from orchestrator
2024-07-16 12:25:51,732 INFO Received response from orchestrator
2024-07-16 12:26:12,767 INFO Generated content (first 100 chars): Here is the generated Statement of Work (SOW) based on the provided information:

# Statement of Wor...
2024-07-16 12:26:12,767 INFO Generated content (first 100 chars): Here is the generated Statement of Work (SOW) based on the provided information:

# Statement of Wor...
2024-07-16 12:26:12,767 INFO Generated content (first 100 chars): Here is the generated Statement of Work (SOW) based on the provided information:

# Statement of Wor...
2024-07-16 12:26:12,767 INFO Generated content (first 100 chars): Here is the generated Statement of Work (SOW) based on the provided information:

# Statement of Wor...
2024-07-16 12:26:12,767 INFO Generated content (first 100 chars): Here is the generated Statement of Work (SOW) based on the provided information:

# Statement of Wor...
2024-07-16 12:26:12,767 INFO Generated content (first 100 chars): Here is the generated Statement of Work (SOW) based on the provided information:

# Statement of Wor...
2024-07-16 12:26:12,767 INFO Generated content (first 100 chars): Here is the generated Statement of Work (SOW) based on the provided information:

# Statement of Wor...
2024-07-16 12:26:12,767 INFO Generated content (first 100 chars): Here is the generated Statement of Work (SOW) based on the provided information:

# Statement of Wor...
2024-07-16 12:26:12,767 INFO Generated content (first 100 chars): Here is the generated Statement of Work (SOW) based on the provided information:

# Statement of Wor...
2024-07-16 12:26:12,767 INFO Generated content (first 100 chars): Here is the generated Statement of Work (SOW) based on the provided information:

# Statement of Wor...
2024-07-16 12:26:12,767 INFO Generated content (first 100 chars): Here is the generated Statement of Work (SOW) based on the provided information:

# Statement of Wor...
2024-07-16 12:26:12,767 INFO Generated content (first 100 chars): Here is the generated Statement of Work (SOW) based on the provided information:

# Statement of Wor...
2024-07-16 12:26:12,767 INFO Generated content (first 100 chars): Here is the generated Statement of Work (SOW) based on the provided information:

# Statement of Wor...
2024-07-16 12:48:54,180 INFO Creating DocuMint assistants
2024-07-16 12:48:54,180 INFO Creating DocuMint assistants
2024-07-16 12:48:54,180 INFO Creating DocuMint assistants
2024-07-16 12:48:54,180 INFO Creating DocuMint assistants
2024-07-16 12:48:54,180 INFO Creating DocuMint assistants
2024-07-16 12:48:54,180 INFO Creating DocuMint assistants
2024-07-16 12:48:54,180 INFO Creating DocuMint assistants
2024-07-16 12:48:54,180 INFO Creating DocuMint assistants
2024-07-16 12:48:54,180 INFO Creating DocuMint assistants
2024-07-16 12:48:54,180 INFO Creating DocuMint assistants
2024-07-16 12:48:54,180 INFO Creating DocuMint assistants
2024-07-16 12:48:54,180 INFO Creating DocuMint assistants
2024-07-16 12:48:54,180 INFO Creating DocuMint assistants
2024-07-16 12:48:54,189 INFO DocuMint assistants created successfully
2024-07-16 12:48:54,189 INFO DocuMint assistants created successfully
2024-07-16 12:48:54,189 INFO DocuMint assistants created successfully
2024-07-16 12:48:54,189 INFO DocuMint assistants created successfully
2024-07-16 12:48:54,189 INFO DocuMint assistants created successfully
2024-07-16 12:48:54,189 INFO DocuMint assistants created successfully
2024-07-16 12:48:54,189 INFO DocuMint assistants created successfully
2024-07-16 12:48:54,189 INFO DocuMint assistants created successfully
2024-07-16 12:48:54,189 INFO DocuMint assistants created successfully
2024-07-16 12:48:54,189 INFO DocuMint assistants created successfully
2024-07-16 12:48:54,189 INFO DocuMint assistants created successfully
2024-07-16 12:48:54,189 INFO DocuMint assistants created successfully
2024-07-16 12:48:54,189 INFO DocuMint assistants created successfully
2024-07-16 13:44:16,553 INFO Creating DocuMint assistants
2024-07-16 13:44:16,559 INFO DocuMint assistants created successfully
2024-07-16 13:44:18,524 INFO Creating DocuMint assistants
2024-07-16 13:44:18,524 INFO DocuMint assistants created successfully
2024-07-16 13:44:20,364 INFO Creating DocuMint assistants
2024-07-16 13:44:20,368 INFO DocuMint assistants created successfully
2024-07-16 13:44:22,154 INFO Creating DocuMint assistants
2024-07-16 13:44:22,155 INFO DocuMint assistants created successfully
2024-07-16 13:44:22,164 INFO Starting document generation for Statement of Work (SOW)
2024-07-16 13:44:22,165 INFO Sending prompt to orchestrator
2024-07-16 13:44:22,165 INFO Received response from orchestrator
2024-07-16 13:44:22,393 ERROR Error in generate_document: Error code: 401 - {'type': 'error', 'error': {'type': 'authentication_error', 'message': 'invalid x-api-key'}}
2024-07-16 13:46:32,148 INFO Creating DocuMint assistants
2024-07-16 13:46:32,150 INFO DocuMint assistants created successfully
2024-07-16 13:46:33,767 INFO Creating DocuMint assistants
2024-07-16 13:46:33,767 INFO DocuMint assistants created successfully
2024-07-16 13:46:34,903 INFO Creating DocuMint assistants
2024-07-16 13:46:34,903 INFO DocuMint assistants created successfully
2024-07-16 13:46:36,082 INFO Creating DocuMint assistants
2024-07-16 13:46:36,082 INFO DocuMint assistants created successfully
2024-07-16 13:46:36,090 INFO Starting document generation for Statement of Work (SOW)
2024-07-16 13:46:36,091 INFO Sending prompt to orchestrator
2024-07-16 13:46:36,091 INFO Received response from orchestrator
2024-07-16 13:46:36,343 ERROR Error in generate_document: Error code: 401 - {'type': 'error', 'error': {'type': 'authentication_error', 'message': 'invalid x-api-key'}}
2024-07-16 13:47:25,846 INFO Creating DocuMint assistants
2024-07-16 13:47:25,850 INFO DocuMint assistants created successfully
2024-07-16 13:47:27,392 INFO Creating DocuMint assistants
2024-07-16 13:47:27,394 INFO DocuMint assistants created successfully
2024-07-16 13:47:28,424 INFO Creating DocuMint assistants
2024-07-16 13:47:28,426 INFO DocuMint assistants created successfully
2024-07-16 13:47:29,565 INFO Creating DocuMint assistants
2024-07-16 13:47:29,565 INFO DocuMint assistants created successfully
2024-07-16 13:47:29,575 INFO Starting document generation for Statement of Work (SOW)
2024-07-16 13:47:29,575 INFO Sending prompt to orchestrator
2024-07-16 13:47:29,575 INFO Received response from orchestrator
2024-07-16 13:47:29,757 ERROR Error in generate_document: Error code: 401 - {'type': 'error', 'error': {'type': 'authentication_error', 'message': 'invalid x-api-key'}}
2024-07-16 13:47:32,404 INFO Creating DocuMint assistants
2024-07-16 13:47:32,405 INFO DocuMint assistants created successfully
2024-07-16 13:47:37,416 INFO Creating DocuMint assistants
2024-07-16 13:47:37,416 INFO DocuMint assistants created successfully
2024-07-16 13:51:01,589 INFO Creating DocuMint assistants
2024-07-16 13:51:01,592 INFO DocuMint assistants created successfully
2024-07-16 13:51:03,268 INFO Creating DocuMint assistants
2024-07-16 13:51:03,269 INFO DocuMint assistants created successfully
2024-07-16 13:51:04,498 INFO Creating DocuMint assistants
2024-07-16 13:51:04,498 INFO DocuMint assistants created successfully
2024-07-16 13:51:05,751 INFO Creating DocuMint assistants
2024-07-16 13:51:05,754 INFO DocuMint assistants created successfully
2024-07-16 13:51:05,766 INFO Starting document generation for Statement of Work (SOW)
2024-07-16 13:51:05,767 INFO Sending prompt to orchestrator
2024-07-16 13:51:05,767 INFO Received response from orchestrator
2024-07-16 13:51:26,119 INFO Generated content (first 100 chars): # Statement of Work (SOW)

## Contents

1. [REQUIREMENTS INFORMATION](#requirements-information)
2. ...
2024-07-16 13:52:32,281 INFO Creating DocuMint assistants
2024-07-16 13:52:32,282 INFO DocuMint assistants created successfully
2024-07-16 14:02:45,410 INFO Creating DocuMint assistants
2024-07-16 14:02:45,414 INFO DocuMint assistants created successfully
2024-07-16 14:02:46,785 INFO Creating DocuMint assistants
2024-07-16 14:02:46,785 INFO DocuMint assistants created successfully
2024-07-16 14:02:47,621 INFO Creating DocuMint assistants
2024-07-16 14:02:47,623 INFO DocuMint assistants created successfully
2024-07-16 14:02:48,891 INFO Creating DocuMint assistants
2024-07-16 14:02:48,892 INFO DocuMint assistants created successfully
2024-07-16 14:02:48,911 INFO Starting document generation for Statement of Work (SOW)
2024-07-16 14:02:48,911 INFO Generating section: Template Header, PR#
2024-07-16 14:04:14,801 INFO Creating DocuMint assistants
2024-07-16 14:04:14,802 INFO DocuMint assistants created successfully
2024-07-16 14:04:14,895 INFO Creating DocuMint assistants
2024-07-16 14:04:14,895 INFO DocuMint assistants created successfully
2024-07-16 14:04:17,119 INFO Creating DocuMint assistants
2024-07-16 14:04:17,121 INFO DocuMint assistants created successfully
2024-07-16 14:04:17,935 INFO Creating DocuMint assistants
2024-07-16 14:04:17,936 INFO DocuMint assistants created successfully
2024-07-16 14:04:18,816 INFO Creating DocuMint assistants
2024-07-16 14:04:18,817 INFO DocuMint assistants created successfully
2024-07-16 14:04:18,829 INFO Starting document generation for Statement of Work (SOW)
2024-07-16 14:04:18,830 INFO Generating section: Template Header, PR#
2024-07-16 14:04:18,830 INFO Generated content for section: Template Header, PR#
2024-07-16 14:04:24,015 INFO Generating section: Section I Task Name, Requisitioning Office
2024-07-16 14:04:24,017 INFO Generated content for section: Section I Task Name, Requisitioning Office
2024-07-16 14:04:31,168 INFO Generating section: Section II  Background
2024-07-16 14:04:31,170 INFO Generated content for section: Section II  Background
2024-07-16 14:04:38,729 INFO Generating section: Section III - Purpose
2024-07-16 14:04:38,731 INFO Generated content for section: Section III - Purpose
2024-07-16 14:04:44,379 INFO Generating section: Section IV  Technical Requirements
2024-07-16 14:04:44,381 INFO Generated content for section: Section IV  Technical Requirements
2024-07-16 14:05:02,155 INFO Generating section: Contractor Personnel
2024-07-16 14:05:02,156 INFO Generated content for section: Contractor Personnel
2024-07-16 14:05:12,107 INFO Generating section: Transition
2024-07-16 14:05:12,108 INFO Generated content for section: Transition
2024-07-16 14:05:23,997 INFO Generating section: Deliverables
2024-07-16 14:05:23,999 INFO Generated content for section: Deliverables
2024-07-16 14:05:31,724 INFO Generating section: Period of Performance
2024-07-16 14:05:31,726 INFO Generated content for section: Period of Performance
2024-07-16 14:05:39,454 INFO Generating section: Place of Performance
2024-07-16 14:05:39,458 INFO Generated content for section: Place of Performance
2024-07-16 14:05:48,411 INFO Generating section: Delivery Instructions
2024-07-16 14:05:48,413 INFO Generated content for section: Delivery Instructions
2024-07-16 14:05:56,145 INFO Generating section: Travel Requirements
2024-07-16 14:05:56,146 INFO Generated content for section: Travel Requirements
2024-07-16 14:06:04,701 INFO Generating section: GFE/GFI 
2024-07-16 14:06:04,703 INFO Generated content for section: GFE/GFI 
2024-07-16 14:06:10,273 INFO Generating section: Special Security Requirements 
2024-07-16 14:06:10,274 INFO Generated content for section: Special Security Requirements 
2024-07-16 14:06:15,633 INFO Generating section: Section V  Applicable Documents 
2024-07-16 14:06:15,633 INFO Generated content for section: Section V  Applicable Documents 
2024-07-16 14:06:23,237 INFO Completed document generation
2024-07-16 14:10:54,254 INFO Creating DocuMint assistants
2024-07-16 14:10:54,255 INFO DocuMint assistants created successfully
2024-07-16 14:12:10,814 INFO Creating DocuMint assistants
2024-07-16 14:12:10,815 INFO DocuMint assistants created successfully
2024-07-16 14:12:10,825 INFO Starting document generation for Statement of Work (SOW)
2024-07-16 14:12:10,825 INFO Generating section: Template Header, PR#
2024-07-16 14:12:10,825 INFO Generated content for section: Template Header, PR#
2024-07-16 14:12:15,009 INFO Generating section: Section I Task Name, Requisitioning Office
2024-07-16 14:12:15,010 INFO Generated content for section: Section I Task Name, Requisitioning Office
2024-07-16 14:12:21,954 INFO Generating section: Section II  Background
2024-07-16 14:12:21,955 INFO Generated content for section: Section II  Background
2024-07-16 14:12:27,055 INFO Generating section: Section III - Purpose
2024-07-16 14:12:27,055 INFO Generated content for section: Section III - Purpose
2024-07-16 14:12:33,161 INFO Generating section: Section IV  Technical Requirements
2024-07-16 14:12:33,163 INFO Generated content for section: Section IV  Technical Requirements
2024-07-16 14:12:49,124 INFO Generating section: Contractor Personnel
2024-07-16 14:12:49,125 INFO Generated content for section: Contractor Personnel
2024-07-16 14:12:58,699 INFO Generating section: Transition
2024-07-16 14:12:58,702 INFO Generated content for section: Transition
2024-07-16 14:13:09,461 INFO Generating section: Deliverables
2024-07-16 14:13:09,464 INFO Generated content for section: Deliverables
2024-07-16 14:13:19,111 INFO Generating section: Period of Performance
2024-07-16 14:13:19,112 INFO Generated content for section: Period of Performance
2024-07-16 14:13:29,670 INFO Generating section: Place of Performance
2024-07-16 14:13:29,672 INFO Generated content for section: Place of Performance
2024-07-16 14:13:38,571 INFO Generating section: Delivery Instructions
2024-07-16 14:13:38,573 INFO Generated content for section: Delivery Instructions
2024-07-16 14:13:45,714 INFO Generating section: Travel Requirements
2024-07-16 14:13:45,716 INFO Generated content for section: Travel Requirements
2024-07-16 14:13:56,486 INFO Generating section: GFE/GFI 
2024-07-16 14:13:56,487 INFO Generated content for section: GFE/GFI 
2024-07-16 14:14:00,596 INFO Generating section: Special Security Requirements 
2024-07-16 14:14:00,597 INFO Generated content for section: Special Security Requirements 
2024-07-16 14:14:06,857 INFO Generating section: Section V  Applicable Documents 
2024-07-16 14:14:06,858 INFO Generated content for section: Section V  Applicable Documents 
2024-07-16 14:14:14,385 INFO Completed document generation
2024-07-16 14:24:30,729 INFO Creating DocuMint assistants
2024-07-16 14:24:30,731 INFO DocuMint assistants created successfully
2024-07-16 14:24:34,017 INFO Creating DocuMint assistants
2024-07-16 14:24:34,019 INFO DocuMint assistants created successfully
2024-07-16 14:24:35,128 INFO Creating DocuMint assistants
2024-07-16 14:24:35,128 INFO DocuMint assistants created successfully
2024-07-16 14:24:36,387 INFO Creating DocuMint assistants
2024-07-16 14:24:36,388 INFO DocuMint assistants created successfully
2024-07-16 14:24:36,404 INFO Starting document generation for Statement of Work (SOW)
2024-07-16 14:24:36,404 INFO Generating section: Template Header, PR#
2024-07-16 14:24:36,404 INFO Generated content for section: Template Header, PR#
2024-07-16 14:24:41,396 INFO Generating section: Section I Task Name, Requisitioning Office
2024-07-16 14:24:41,397 INFO Generated content for section: Section I Task Name, Requisitioning Office
2024-07-16 14:24:47,321 INFO Generating section: Section II  Background
2024-07-16 14:24:47,322 INFO Generated content for section: Section II  Background
2024-07-16 14:24:55,391 INFO Generating section: Section III - Purpose
2024-07-16 14:24:55,392 INFO Generated content for section: Section III - Purpose
2024-07-16 14:25:01,600 INFO Generating section: Section IV  Technical Requirements
2024-07-16 14:25:01,605 INFO Generated content for section: Section IV  Technical Requirements
2024-07-16 14:25:14,960 INFO Creating DocuMint assistants
2024-07-16 14:25:14,962 INFO DocuMint assistants created successfully
2024-07-16 14:25:16,942 INFO Generating section: Contractor Personnel
2024-07-16 14:25:16,943 INFO Generated content for section: Contractor Personnel
2024-07-16 14:25:26,941 INFO Generating section: Transition
2024-07-16 14:25:26,942 INFO Generated content for section: Transition
2024-07-16 14:25:37,080 INFO Generating section: Deliverables
2024-07-16 14:25:37,082 INFO Generated content for section: Deliverables
2024-07-16 14:25:44,996 INFO Generating section: Period of Performance
2024-07-16 14:25:44,998 INFO Generated content for section: Period of Performance
2024-07-16 14:25:52,365 INFO Generating section: Place of Performance
2024-07-16 14:25:52,366 INFO Generated content for section: Place of Performance
2024-07-16 14:26:00,010 INFO Generating section: Delivery Instructions
2024-07-16 14:26:00,011 INFO Generated content for section: Delivery Instructions
2024-07-16 14:26:08,876 INFO Generating section: Travel Requirements
2024-07-16 14:26:08,878 INFO Generated content for section: Travel Requirements
2024-07-16 14:26:18,807 INFO Generating section: GFE/GFI 
2024-07-16 14:26:18,808 INFO Generated content for section: GFE/GFI 
2024-07-16 14:26:24,173 INFO Generating section: Special Security Requirements 
2024-07-16 14:26:24,174 INFO Generated content for section: Special Security Requirements 
2024-07-16 14:26:30,596 INFO Generating section: Section V  Applicable Documents 
2024-07-16 14:26:30,596 INFO Generated content for section: Section V  Applicable Documents 
2024-07-16 14:26:38,587 INFO Completed document generation
2024-07-16 14:26:48,497 INFO Creating DocuMint assistants
2024-07-16 14:26:48,499 INFO DocuMint assistants created successfully
2024-07-16 14:26:48,813 INFO Creating DocuMint assistants
2024-07-16 14:26:48,813 INFO DocuMint assistants created successfully
2024-07-16 14:27:43,066 INFO Creating DocuMint assistants
2024-07-16 14:27:43,069 INFO DocuMint assistants created successfully
2024-07-16 14:27:44,109 INFO Creating DocuMint assistants
2024-07-16 14:27:44,110 INFO DocuMint assistants created successfully
2024-07-16 14:27:44,123 INFO Starting document generation for Statement of Work (SOW)
2024-07-16 14:27:44,124 INFO Generating section: Template Header, PR#
2024-07-16 14:27:44,124 INFO Generated content for section: Template Header, PR#
2024-07-16 14:27:50,981 INFO Generating section: Section I Task Name, Requisitioning Office
2024-07-16 14:27:50,983 INFO Generated content for section: Section I Task Name, Requisitioning Office
2024-07-16 14:27:59,199 INFO Generating section: Section II  Background
2024-07-16 14:27:59,200 INFO Generated content for section: Section II  Background
2024-07-16 14:28:06,364 INFO Generating section: Section III - Purpose
2024-07-16 14:28:06,365 INFO Generated content for section: Section III - Purpose
2024-07-16 14:28:11,542 INFO Generating section: Section IV  Technical Requirements
2024-07-16 14:28:11,543 INFO Generated content for section: Section IV  Technical Requirements
2024-07-16 14:28:28,212 INFO Generating section: Contractor Personnel
2024-07-16 14:28:28,213 INFO Generated content for section: Contractor Personnel
2024-07-16 14:28:36,548 INFO Generating section: Transition
2024-07-16 14:28:36,549 INFO Generated content for section: Transition
2024-07-16 14:28:48,796 INFO Generating section: Deliverables
2024-07-16 14:28:48,796 INFO Generated content for section: Deliverables
2024-07-16 14:28:57,996 INFO Generating section: Period of Performance
2024-07-16 14:28:57,997 INFO Generated content for section: Period of Performance
2024-07-16 14:29:08,039 INFO Generating section: Place of Performance
2024-07-16 14:29:08,040 INFO Generated content for section: Place of Performance
2024-07-16 14:29:15,143 INFO Generating section: Delivery Instructions
2024-07-16 14:29:15,144 INFO Generated content for section: Delivery Instructions
2024-07-16 14:29:25,197 INFO Generating section: Travel Requirements
2024-07-16 14:29:25,198 INFO Generated content for section: Travel Requirements
2024-07-16 14:29:33,567 INFO Generating section: GFE/GFI 
2024-07-16 14:29:33,568 INFO Generated content for section: GFE/GFI 
2024-07-16 14:29:38,380 INFO Generating section: Special Security Requirements 
2024-07-16 14:29:38,380 INFO Generated content for section: Special Security Requirements 
2024-07-16 14:29:46,401 INFO Generating section: Section V  Applicable Documents 
2024-07-16 14:29:46,403 INFO Generated content for section: Section V  Applicable Documents 
2024-07-16 14:29:53,338 INFO Completed document generation
2024-07-16 14:33:47,722 INFO Creating DocuMint assistants
2024-07-16 14:33:47,723 INFO DocuMint assistants created successfully
2024-07-16 14:33:47,843 INFO Creating DocuMint assistants
2024-07-16 14:33:47,843 INFO DocuMint assistants created successfully
2024-07-16 14:33:50,073 INFO Creating DocuMint assistants
2024-07-16 14:33:50,074 INFO DocuMint assistants created successfully
2024-07-16 14:33:51,465 INFO Creating DocuMint assistants
2024-07-16 14:33:51,466 INFO DocuMint assistants created successfully
2024-07-16 14:33:53,166 INFO Creating DocuMint assistants
2024-07-16 14:33:53,168 INFO DocuMint assistants created successfully
2024-07-16 14:33:53,180 INFO Starting document generation for Statement of Work (SOW)
2024-07-16 14:33:53,181 INFO Generating section: Template Header, PR#
2024-07-16 14:33:53,181 INFO Generated content for section: Template Header, PR#
2024-07-16 14:33:55,507 INFO Generating section: Section I Task Name, Requisitioning Office
2024-07-16 14:33:55,507 INFO Generated content for section: Section I Task Name, Requisitioning Office
2024-07-16 14:34:00,729 INFO Generating section: Section II  Background
2024-07-16 14:34:00,730 INFO Generated content for section: Section II  Background
2024-07-16 14:34:08,312 INFO Generating section: Section III - Purpose
2024-07-16 14:34:08,313 INFO Generated content for section: Section III - Purpose
2024-07-16 14:34:13,914 INFO Generating section: Section IV  Technical Requirements
2024-07-16 14:34:13,916 INFO Generated content for section: Section IV  Technical Requirements
2024-07-16 14:34:29,391 INFO Generating section: Contractor Personnel
2024-07-16 14:34:29,392 INFO Generated content for section: Contractor Personnel
2024-07-16 14:34:37,630 INFO Generating section: Transition
2024-07-16 14:34:37,631 INFO Generated content for section: Transition
2024-07-16 14:34:48,349 INFO Generating section: Deliverables
2024-07-16 14:34:48,353 INFO Generated content for section: Deliverables
2024-07-16 14:34:53,889 INFO Generating section: Period of Performance
2024-07-16 14:34:53,891 INFO Generated content for section: Period of Performance
2024-07-16 14:35:01,131 INFO Generating section: Place of Performance
2024-07-16 14:35:01,132 INFO Generated content for section: Place of Performance
2024-07-16 14:35:06,229 INFO Generating section: Delivery Instructions
2024-07-16 14:35:06,230 INFO Generated content for section: Delivery Instructions
2024-07-16 14:35:11,866 INFO Generating section: Travel Requirements
2024-07-16 14:35:11,866 INFO Generated content for section: Travel Requirements
2024-07-16 14:35:19,547 INFO Generating section: GFE/GFI 
2024-07-16 14:35:19,547 INFO Generated content for section: GFE/GFI 
2024-07-16 14:35:23,040 INFO Generating section: Special Security Requirements 
2024-07-16 14:35:23,046 INFO Generated content for section: Special Security Requirements 
2024-07-16 14:35:27,613 INFO Generating section: Section V  Applicable Documents 
2024-07-16 14:35:27,615 INFO Generated content for section: Section V  Applicable Documents 
2024-07-16 14:35:34,809 INFO Completed document generation
2024-07-16 14:36:11,569 INFO Creating DocuMint assistants
2024-07-16 14:36:11,571 INFO DocuMint assistants created successfully
